app/api/guests/import/confirm/route.ts(101,36): error TS2345: Argument of type 'Record<string, any>' is not assignable to parameter of type 'GuestToImport'.
  Property 'full_name' is missing in type 'Record<string, any>' but required in type 'GuestToImport'.
app/components/GuestCheckInList.tsx(5,8): error TS2613: Module '"C:/Users/rodri/Desktop/App RSVP site/Google Gravity/controle_acesso/app/components/CorrectionModal"' has no default export. Did you mean to use 'import { CorrectionModal } from "C:/Users/rodri/Desktop/App RSVP site/Google Gravity/controle_acesso/app/components/CorrectionModal"' instead?
app/components/GuestCheckInList.tsx(6,8): error TS2613: Module '"C:/Users/rodri/Desktop/App RSVP site/Google Gravity/controle_acesso/app/components/CorrectionStatus"' has no default export. Did you mean to use 'import { CorrectionStatus } from "C:/Users/rodri/Desktop/App RSVP site/Google Gravity/controle_acesso/app/components/CorrectionStatus"' instead?
app/components/GuestCheckInList.tsx(100,44): error TS2774: This condition will always return true since this function is always defined. Did you mean to call it instead?
lib/auth-server.ts(41,29): error TS2304: Cannot find name 'prisma'.
prisma/seed.ts(2,25): error TS7016: Could not find a declaration file for module 'bcryptjs'. 'C:/Users/rodri/Desktop/App RSVP site/Google Gravity/controle_acesso/node_modules/bcryptjs/index.js' implicitly has an 'any' type.
  Try `npm i --save-dev @types/bcryptjs` if it exists or add a new declaration (.d.ts) file containing `declare module 'bcryptjs';`
